Started GET "/scheduleids" for 127.0.0.1 at 2017-07-23 18:45:33 +0600
  
ActiveRecord::PendingMigrationError (

Migrations are pending. To resolve this issue, run:

        bin/rails db:migrate RAILS_ENV=development

):
  
activerecord (5.1.2) lib/active_record/migration.rb:576:in `check_pending!'
activerecord (5.1.2) lib/active_record/migration.rb:553:in `call'
actionpack (5.1.2) lib/action_dispatch/middleware/callbacks.rb:26:in `block in call'
activesupport (5.1.2) lib/active_support/callbacks.rb:97:in `run_callbacks'
actionpack (5.1.2) lib/action_dispatch/middleware/callbacks.rb:24:in `call'
actionpack (5.1.2) lib/action_dispatch/middleware/executor.rb:12:in `call'
actionpack (5.1.2) lib/action_dispatch/middleware/debug_exceptions.rb:59:in `call'
actionpack (5.1.2) lib/action_dispatch/middleware/show_exceptions.rb:31:in `call'
railties (5.1.2) lib/rails/rack/logger.rb:36:in `call_app'
railties (5.1.2) lib/rails/rack/logger.rb:24:in `block in call'
activesupport (5.1.2) lib/active_support/tagged_logging.rb:69:in `block in tagged'
activesupport (5.1.2) lib/active_support/tagged_logging.rb:26:in `tagged'
activesupport (5.1.2) lib/active_support/tagged_logging.rb:69:in `tagged'
railties (5.1.2) lib/rails/rack/logger.rb:24:in `call'
actionpack (5.1.2) lib/action_dispatch/middleware/remote_ip.rb:79:in `call'
actionpack (5.1.2) lib/action_dispatch/middleware/request_id.rb:25:in `call'
rack (2.0.3) lib/rack/runtime.rb:22:in `call'
activesupport (5.1.2) lib/active_support/cache/strategy/local_cache_middleware.rb:27:in `call'
actionpack (5.1.2) lib/action_dispatch/middleware/executor.rb:12:in `call'
actionpack (5.1.2) lib/action_dispatch/middleware/static.rb:125:in `call'
rack (2.0.3) lib/rack/sendfile.rb:111:in `call'
railties (5.1.2) lib/rails/engine.rb:522:in `call'
puma (3.9.1) lib/puma/configuration.rb:224:in `call'
puma (3.9.1) lib/puma/server.rb:602:in `handle_request'
puma (3.9.1) lib/puma/server.rb:435:in `process_client'
puma (3.9.1) lib/puma/server.rb:299:in `block in run'
puma (3.9.1) lib/puma/thread_pool.rb:120:in `block in spawn_thread'
  [1m[35m (0.0ms)[0m  [1m[34mSELECT sqlite_version(*)[0m
  [1m[35m (31.3ms)[0m  [1m[35mCREATE TABLE "schema_migrations" ("version" varchar NOT NULL PRIMARY KEY)[0m
  [1m[35m (0.0ms)[0m  [1m[35mCREATE TABLE "ar_internal_metadata" ("key" varchar NOT NULL PRIMARY KEY, "value" varchar, "created_at" datetime NOT NULL, "updated_at" datetime NOT NULL)[0m
  [1m[35m (0.0ms)[0m  [1m[34mSELECT "schema_migrations"."version" FROM "schema_migrations" ORDER BY "schema_migrations"."version" ASC[0m
Migrating to CreateScheduleids (20170723124439)
  [1m[35m (0.0ms)[0m  [1m[36mbegin transaction[0m
  [1m[35m (0.0ms)[0m  [1m[35mCREATE TABLE "scheduleids" ("id" INTEGER PRIMARY KEY AUTOINCREMENT NOT NULL, "bus_id" varchar, "time" varchar, "starting_point" varchar, "destination" varchar, "bus_type" varchar, "created_at" datetime NOT NULL, "updated_at" datetime NOT NULL)[0m
  [1m[35mSQL (0.0ms)[0m  [1m[32mINSERT INTO "schema_migrations" ("version") VALUES (?)[0m  [["version", "20170723124439"]]
  [1m[35m (15.6ms)[0m  [1m[36mcommit transaction[0m
  [1m[36mActiveRecord::InternalMetadata Load (0.0ms)[0m  [1m[34mSELECT  "ar_internal_metadata".* FROM "ar_internal_metadata" WHERE "ar_internal_metadata"."key" = ? LIMIT ?[0m  [["key", "environment"], ["LIMIT", 1]]
  [1m[35m (0.0ms)[0m  [1m[36mbegin transaction[0m
  [1m[35mSQL (0.0ms)[0m  [1m[32mINSERT INTO "ar_internal_metadata" ("key", "value", "created_at", "updated_at") VALUES (?, ?, ?, ?)[0m  [["key", "environment"], ["value", "development"], ["created_at", "2017-07-23 12:45:52.664580"], ["updated_at", "2017-07-23 12:45:52.664580"]]
  [1m[35m (0.0ms)[0m  [1m[36mcommit transaction[0m
  [1m[35m (0.0ms)[0m  [1m[34mSELECT "schema_migrations"."version" FROM "schema_migrations" ORDER BY "schema_migrations"."version" ASC[0m
Started GET "/scheduleids" for 127.0.0.1 at 2017-07-23 18:46:12 +0600
  [1m[35m (0.0ms)[0m  [1m[34mSELECT "schema_migrations"."version" FROM "schema_migrations" ORDER BY "schema_migrations"."version" ASC[0m
Processing by ScheduleidsController#index as */*
  [1m[36mScheduleid Load (0.0ms)[0m  [1m[34mSELECT "scheduleids".* FROM "scheduleids"[0m
Completed 200 OK in 0ms (Views: 3.2ms | ActiveRecord: 0.0ms)


Started POST "/scheduleids" for 127.0.0.1 at 2017-07-23 18:47:56 +0600
Processing by ScheduleidsController#create as */*
  Parameters: {"bus_id"=>"111", "time"=>"10Am", "starting_point"=>"RU", "destination"=>"Katakhali", "bus_type"=>"Male"}
  [1m[35m (0.0ms)[0m  [1m[36mbegin transaction[0m
  [1m[35mSQL (1.0ms)[0m  [1m[32mINSERT INTO "scheduleids" ("bus_id", "time", "starting_point", "destination", "bus_type", "created_at", "updated_at") VALUES (?, ?, ?, ?, ?, ?, ?)[0m  [["bus_id", "111"], ["time", "10Am"], ["starting_point", "RU"], ["destination", "Katakhali"], ["bus_type", "Male"], ["created_at", "2017-07-23 12:47:56.146657"], ["updated_at", "2017-07-23 12:47:56.146657"]]
  [1m[35m (6.3ms)[0m  [1m[36mcommit transaction[0m
Completed 201 Created in 25ms (Views: 1.7ms | ActiveRecord: 8.3ms)


Started GET "/scheduleids" for 127.0.0.1 at 2017-07-23 18:48:14 +0600
Processing by ScheduleidsController#index as */*
  [1m[36mScheduleid Load (1.0ms)[0m  [1m[34mSELECT "scheduleids".* FROM "scheduleids"[0m
Completed 200 OK in 7ms (Views: 5.0ms | ActiveRecord: 1.0ms)


Started GET "/scheduleids" for 127.0.0.1 at 2017-07-23 19:30:02 +0600
  [1m[35m (0.0ms)[0m  [1m[34mSELECT "schema_migrations"."version" FROM "schema_migrations" ORDER BY "schema_migrations"."version" ASC[0m
Processing by ScheduleidsController#index as */*
  [1m[36mScheduleid Load (0.0ms)[0m  [1m[34mSELECT "scheduleids".* FROM "scheduleids"[0m
Completed 200 OK in 16ms (Views: 14.7ms | ActiveRecord: 0.0ms)


Started POST "/scheduleids" for 127.0.0.1 at 2017-07-23 19:31:53 +0600
Processing by ScheduleidsController#create as */*
  Parameters: {"bus_id"=>"112", "time"=>"2am", "starting_point"=>"RU", "destination"=>"Saheb Bazar", "bus_typFee"=>"Female"}
Unpermitted parameter: :bus_typFee
  [1m[35m (0.0ms)[0m  [1m[36mbegin transaction[0m
  [1m[35m (0.0ms)[0m  [1m[31mrollback transaction[0m
Completed 422 Unprocessable Entity in 13ms (Views: 0.3ms | ActiveRecord: 0.0ms)


Started POST "/scheduleids" for 127.0.0.1 at 2017-07-23 19:32:21 +0600
Processing by ScheduleidsController#create as */*
  Parameters: {"bus_id"=>"112", "time"=>"2am", "starting_point"=>"RU", "destination"=>"Saheb Bazar", "bus_type"=>"Female"}
  [1m[35m (0.0ms)[0m  [1m[36mbegin transaction[0m
  [1m[35mSQL (0.0ms)[0m  [1m[32mINSERT INTO "scheduleids" ("bus_id", "time", "starting_point", "destination", "bus_type", "created_at", "updated_at") VALUES (?, ?, ?, ?, ?, ?, ?)[0m  [["bus_id", "112"], ["time", "2am"], ["starting_point", "RU"], ["destination", "Saheb Bazar"], ["bus_type", "Female"], ["created_at", "2017-07-23 13:32:21.658183"], ["updated_at", "2017-07-23 13:32:21.658183"]]
  [1m[35m (0.0ms)[0m  [1m[36mcommit transaction[0m
Completed 201 Created in 33ms (Views: 2.5ms | ActiveRecord: 0.0ms)


Started GET "/scheduleids" for 127.0.0.1 at 2017-07-23 19:32:27 +0600
Processing by ScheduleidsController#index as */*
  [1m[36mScheduleid Load (1.0ms)[0m  [1m[34mSELECT "scheduleids".* FROM "scheduleids"[0m
Completed 200 OK in 3ms (Views: 1.6ms | ActiveRecord: 1.0ms)


Started GET "/scheduleids/2" for 127.0.0.1 at 2017-07-23 19:32:32 +0600
Processing by ScheduleidsController#show as */*
  Parameters: {"id"=>"2"}
  [1m[36mScheduleid Load (0.0ms)[0m  [1m[34mSELECT  "scheduleids".* FROM "scheduleids" WHERE "scheduleids"."id" = ? LIMIT ?[0m  [["id", 2], ["LIMIT", 1]]
Completed 200 OK in 27ms (Views: 1.0ms | ActiveRecord: 0.0ms)


Started PUT "/scheduleids/2" for 127.0.0.1 at 2017-07-23 19:32:41 +0600
Processing by ScheduleidsController#update as */*
  Parameters: {"bus_id"=>"112", "time"=>"2am", "starting_point"=>"RU", "destination"=>"Saheb Bazar", "bus_type"=>"Female", "id"=>"2"}
  [1m[36mScheduleid Load (1.0ms)[0m  [1m[34mSELECT  "scheduleids".* FROM "scheduleids" WHERE "scheduleids"."id" = ? LIMIT ?[0m  [["id", 2], ["LIMIT", 1]]
Unpermitted parameter: :id
  [1m[35m (0.0ms)[0m  [1m[36mbegin transaction[0m
  [1m[35m (0.0ms)[0m  [1m[36mcommit transaction[0m
Completed 200 OK in 7ms (Views: 0.7ms | ActiveRecord: 1.0ms)


Started PUT "/scheduleids/2" for 127.0.0.1 at 2017-07-23 19:33:42 +0600
Processing by ScheduleidsController#update as */*
  Parameters: {"bus_id"=>"112", "time"=>"2am", "starting_point"=>"DU", "destination"=>"Saheb Bazar", "bus_type"=>"Female", "id"=>"2"}
  [1m[36mScheduleid Load (0.0ms)[0m  [1m[34mSELECT  "scheduleids".* FROM "scheduleids" WHERE "scheduleids"."id" = ? LIMIT ?[0m  [["id", 2], ["LIMIT", 1]]
Unpermitted parameter: :id
  [1m[35m (0.0ms)[0m  [1m[36mbegin transaction[0m
  [1m[35mSQL (4.0ms)[0m  [1m[33mUPDATE "scheduleids" SET "starting_point" = ?, "updated_at" = ? WHERE "scheduleids"."id" = ?[0m  [["starting_point", "DU"], ["updated_at", "2017-07-23 13:33:42.892051"], ["id", 2]]
  [1m[35m (13.0ms)[0m  [1m[36mcommit transaction[0m
Completed 200 OK in 29ms (Views: 0.8ms | ActiveRecord: 17.0ms)


Started GET "/scheduleids/2" for 127.0.0.1 at 2017-07-23 19:33:47 +0600
Processing by ScheduleidsController#show as */*
  Parameters: {"id"=>"2"}
  [1m[36mScheduleid Load (1.0ms)[0m  [1m[34mSELECT  "scheduleids".* FROM "scheduleids" WHERE "scheduleids"."id" = ? LIMIT ?[0m  [["id", 2], ["LIMIT", 1]]
Completed 200 OK in 3ms (Views: 0.8ms | ActiveRecord: 1.0ms)


Started PUT "/scheduleids/2" for 127.0.0.1 at 2017-07-23 19:33:54 +0600
Processing by ScheduleidsController#update as */*
  Parameters: {"bus_id"=>"112", "time"=>"2am", "starting_point"=>"DU", "destination"=>"Saheb Bazar", "bus_type"=>"Female", "id"=>"2"}
  [1m[36mScheduleid Load (0.0ms)[0m  [1m[34mSELECT  "scheduleids".* FROM "scheduleids" WHERE "scheduleids"."id" = ? LIMIT ?[0m  [["id", 2], ["LIMIT", 1]]
Unpermitted parameter: :id
  [1m[35m (0.0ms)[0m  [1m[36mbegin transaction[0m
  [1m[35m (0.0ms)[0m  [1m[36mcommit transaction[0m
Completed 200 OK in 0ms (Views: 0.7ms | ActiveRecord: 0.0ms)


Started PUT "/scheduleids/1" for 127.0.0.1 at 2017-07-23 19:34:00 +0600
Processing by ScheduleidsController#update as */*
  Parameters: {"bus_id"=>"112", "time"=>"2am", "starting_point"=>"DU", "destination"=>"Saheb Bazar", "bus_type"=>"Female", "id"=>"1"}
  [1m[36mScheduleid Load (0.0ms)[0m  [1m[34mSELECT  "scheduleids".* FROM "scheduleids" WHERE "scheduleids"."id" = ? LIMIT ?[0m  [["id", 1], ["LIMIT", 1]]
Unpermitted parameter: :id
  [1m[35m (0.0ms)[0m  [1m[36mbegin transaction[0m
  [1m[35mSQL (5.0ms)[0m  [1m[33mUPDATE "scheduleids" SET "bus_id" = ?, "time" = ?, "starting_point" = ?, "destination" = ?, "bus_type" = ?, "updated_at" = ? WHERE "scheduleids"."id" = ?[0m  [["bus_id", "112"], ["time", "2am"], ["starting_point", "DU"], ["destination", "Saheb Bazar"], ["bus_type", "Female"], ["updated_at", "2017-07-23 13:34:00.860892"], ["id", 1]]
  [1m[35m (14.0ms)[0m  [1m[36mcommit transaction[0m
Completed 200 OK in 29ms (Views: 0.7ms | ActiveRecord: 19.0ms)


Started PUT "/scheduleids/1" for 127.0.0.1 at 2017-07-23 19:34:18 +0600
Processing by ScheduleidsController#update as */*
  Parameters: {"bus_id"=>"112", "time"=>"2am", "starting_point"=>"RU", "destination"=>"Saheb Bazar", "bus_type"=>"Female", "id"=>"1"}
  [1m[36mScheduleid Load (0.0ms)[0m  [1m[34mSELECT  "scheduleids".* FROM "scheduleids" WHERE "scheduleids"."id" = ? LIMIT ?[0m  [["id", 1], ["LIMIT", 1]]
Unpermitted parameter: :id
  [1m[35m (0.0ms)[0m  [1m[36mbegin transaction[0m
  [1m[35mSQL (5.0ms)[0m  [1m[33mUPDATE "scheduleids" SET "starting_point" = ?, "updated_at" = ? WHERE "scheduleids"."id" = ?[0m  [["starting_point", "RU"], ["updated_at", "2017-07-23 13:34:18.370846"], ["id", 1]]
  [1m[35m (9.0ms)[0m  [1m[36mcommit transaction[0m
Completed 200 OK in 25ms (Views: 0.6ms | ActiveRecord: 14.0ms)


Started GET "/scheduleids/1" for 127.0.0.1 at 2017-07-23 19:34:22 +0600
Processing by ScheduleidsController#show as */*
  Parameters: {"id"=>"1"}
  [1m[36mScheduleid Load (1.0ms)[0m  [1m[34mSELECT  "scheduleids".* FROM "scheduleids" WHERE "scheduleids"."id" = ? LIMIT ?[0m  [["id", 1], ["LIMIT", 1]]
Completed 200 OK in 4ms (Views: 0.8ms | ActiveRecord: 1.0ms)


Started GET "/busscheduleids" for 127.0.0.1 at 2017-07-23 06:42:22 -0700
  [1m[35m (0.0ms)[0m  [1m[34mSELECT "schema_migrations"."version" FROM "schema_migrations" ORDER BY "schema_migrations"."version" ASC[0m
  
ActionController::RoutingError (No route matches [GET] "/busscheduleids"):
  
actionpack (5.1.2) lib/action_dispatch/middleware/debug_exceptions.rb:63:in `call'
actionpack (5.1.2) lib/action_dispatch/middleware/show_exceptions.rb:31:in `call'
railties (5.1.2) lib/rails/rack/logger.rb:36:in `call_app'
railties (5.1.2) lib/rails/rack/logger.rb:24:in `block in call'
activesupport (5.1.2) lib/active_support/tagged_logging.rb:69:in `block in tagged'
activesupport (5.1.2) lib/active_support/tagged_logging.rb:26:in `tagged'
activesupport (5.1.2) lib/active_support/tagged_logging.rb:69:in `tagged'
railties (5.1.2) lib/rails/rack/logger.rb:24:in `call'
actionpack (5.1.2) lib/action_dispatch/middleware/remote_ip.rb:79:in `call'
actionpack (5.1.2) lib/action_dispatch/middleware/request_id.rb:25:in `call'
rack (2.0.3) lib/rack/runtime.rb:22:in `call'
activesupport (5.1.2) lib/active_support/cache/strategy/local_cache_middleware.rb:27:in `call'
actionpack (5.1.2) lib/action_dispatch/middleware/executor.rb:12:in `call'
actionpack (5.1.2) lib/action_dispatch/middleware/static.rb:125:in `call'
rack (2.0.3) lib/rack/sendfile.rb:111:in `call'
railties (5.1.2) lib/rails/engine.rb:522:in `call'
puma (3.9.1) lib/puma/configuration.rb:224:in `call'
puma (3.9.1) lib/puma/server.rb:602:in `handle_request'
puma (3.9.1) lib/puma/server.rb:435:in `process_client'
puma (3.9.1) lib/puma/server.rb:299:in `block in run'
puma (3.9.1) lib/puma/thread_pool.rb:120:in `block in spawn_thread'
Started GET "/scheduleids" for 127.0.0.1 at 2017-07-23 06:42:29 -0700
Processing by ScheduleidsController#index as */*
  Parameters: {"scheduleid"=>{}}
  [1m[36mScheduleid Load (0.0ms)[0m  [1m[34mSELECT "scheduleids".* FROM "scheduleids"[0m
Completed 200 OK in 28ms (Views: 27.5ms | ActiveRecord: 0.0ms)


